{"contracts/Context.sol":{"l":{"9":21},"path":"/home/abhi/Projects/swingAudit/contracts/Context.sol","s":{"1":21},"b":{},"f":{"1":2,"2":21},"fnMap":{"1":{"name":"constructor","line":5,"loc":{"start":{"line":5,"column":4},"end":{"line":5,"column":30}}},"2":{"name":"_msgSender","line":8,"loc":{"start":{"line":8,"column":4},"end":{"line":10,"column":4}}}},"statementMap":{"1":{"start":{"line":9,"column":8},"end":{"line":9,"column":25}}},"branchMap":{}},"contracts/ERC20.sol":{"l":{"22":9,"34":3,"35":3,"42":2,"53":1,"54":1,"70":0,"71":0,"72":0,"88":1,"89":1,"107":1,"108":1,"126":0,"127":0,"129":0,"130":0,"131":0,"144":2,"146":2,"147":2,"148":2,"163":0,"165":0,"166":0,"167":0,"184":3,"185":3,"187":3,"188":3,"198":0,"199":0},"path":"/home/abhi/Projects/swingAudit/contracts/ERC20.sol","s":{"1":9,"2":3,"3":3,"4":2,"5":1,"6":1,"7":0,"8":0,"9":0,"10":1,"11":1,"12":1,"13":1,"14":0,"15":0,"16":0,"17":0,"18":0,"19":2,"20":2,"21":2,"22":2,"23":0,"24":0,"25":0,"26":0,"27":3,"28":3,"29":3,"30":3,"31":0,"32":0},"b":{"1":[0,0],"2":[0,0],"3":[2,0],"4":[0,0],"5":[3,0],"6":[3,0]},"f":{"1":9,"2":3,"3":2,"4":1,"5":0,"6":1,"7":1,"8":0,"9":2,"10":0,"11":3,"12":0},"fnMap":{"1":{"name":"balanceOf","line":21,"loc":{"start":{"line":21,"column":4},"end":{"line":23,"column":4}}},"2":{"name":"transfer","line":33,"loc":{"start":{"line":33,"column":4},"end":{"line":36,"column":4}}},"3":{"name":"allowance","line":41,"loc":{"start":{"line":41,"column":4},"end":{"line":43,"column":4}}},"4":{"name":"approve","line":52,"loc":{"start":{"line":52,"column":4},"end":{"line":55,"column":4}}},"5":{"name":"transferFrom","line":69,"loc":{"start":{"line":69,"column":4},"end":{"line":73,"column":4}}},"6":{"name":"increaseAllowance","line":87,"loc":{"start":{"line":87,"column":4},"end":{"line":90,"column":4}}},"7":{"name":"decreaseAllowance","line":106,"loc":{"start":{"line":106,"column":4},"end":{"line":109,"column":4}}},"8":{"name":"_transfer","line":125,"loc":{"start":{"line":125,"column":4},"end":{"line":132,"column":4}}},"9":{"name":"_mint","line":143,"loc":{"start":{"line":143,"column":4},"end":{"line":149,"column":4}}},"10":{"name":"_burn","line":162,"loc":{"start":{"line":162,"column":4},"end":{"line":168,"column":4}}},"11":{"name":"_approve","line":183,"loc":{"start":{"line":183,"column":4},"end":{"line":189,"column":4}}},"12":{"name":"_burnFrom","line":197,"loc":{"start":{"line":197,"column":4},"end":{"line":200,"column":4}}}},"statementMap":{"1":{"start":{"line":22,"column":8},"end":{"line":22,"column":33}},"2":{"start":{"line":34,"column":8},"end":{"line":34,"column":49}},"3":{"start":{"line":35,"column":8},"end":{"line":35,"column":19}},"4":{"start":{"line":42,"column":8},"end":{"line":42,"column":42}},"5":{"start":{"line":53,"column":8},"end":{"line":53,"column":46}},"6":{"start":{"line":54,"column":8},"end":{"line":54,"column":19}},"7":{"start":{"line":70,"column":8},"end":{"line":70,"column":43}},"8":{"start":{"line":71,"column":8},"end":{"line":71,"column":128}},"9":{"start":{"line":72,"column":8},"end":{"line":72,"column":19}},"10":{"start":{"line":88,"column":8},"end":{"line":88,"column":90}},"11":{"start":{"line":89,"column":8},"end":{"line":89,"column":19}},"12":{"start":{"line":107,"column":8},"end":{"line":107,"column":136}},"13":{"start":{"line":108,"column":8},"end":{"line":108,"column":19}},"14":{"start":{"line":126,"column":8},"end":{"line":126,"column":77}},"15":{"start":{"line":127,"column":8},"end":{"line":127,"column":78}},"16":{"start":{"line":129,"column":8},"end":{"line":129,"column":98}},"17":{"start":{"line":130,"column":8},"end":{"line":130,"column":62}},"18":{"start":{"line":131,"column":8},"end":{"line":131,"column":48}},"19":{"start":{"line":144,"column":8},"end":{"line":144,"column":72}},"20":{"start":{"line":146,"column":8},"end":{"line":146,"column":46}},"21":{"start":{"line":147,"column":8},"end":{"line":147,"column":58}},"22":{"start":{"line":148,"column":8},"end":{"line":148,"column":50}},"23":{"start":{"line":163,"column":8},"end":{"line":163,"column":74}},"24":{"start":{"line":165,"column":8},"end":{"line":165,"column":96}},"25":{"start":{"line":166,"column":8},"end":{"line":166,"column":46}},"26":{"start":{"line":167,"column":8},"end":{"line":167,"column":50}},"27":{"start":{"line":184,"column":8},"end":{"line":184,"column":75}},"28":{"start":{"line":185,"column":8},"end":{"line":185,"column":75}},"29":{"start":{"line":187,"column":8},"end":{"line":187,"column":43}},"30":{"start":{"line":188,"column":8},"end":{"line":188,"column":45}},"31":{"start":{"line":198,"column":8},"end":{"line":198,"column":29}},"32":{"start":{"line":199,"column":8},"end":{"line":199,"column":126}}},"branchMap":{"1":{"line":126,"type":"if","locations":[{"start":{"line":126,"column":8},"end":{"line":126,"column":8}},{"start":{"line":126,"column":8},"end":{"line":126,"column":8}}]},"2":{"line":127,"type":"if","locations":[{"start":{"line":127,"column":8},"end":{"line":127,"column":8}},{"start":{"line":127,"column":8},"end":{"line":127,"column":8}}]},"3":{"line":144,"type":"if","locations":[{"start":{"line":144,"column":8},"end":{"line":144,"column":8}},{"start":{"line":144,"column":8},"end":{"line":144,"column":8}}]},"4":{"line":163,"type":"if","locations":[{"start":{"line":163,"column":8},"end":{"line":163,"column":8}},{"start":{"line":163,"column":8},"end":{"line":163,"column":8}}]},"5":{"line":184,"type":"if","locations":[{"start":{"line":184,"column":8},"end":{"line":184,"column":8}},{"start":{"line":184,"column":8},"end":{"line":184,"column":8}}]},"6":{"line":185,"type":"if","locations":[{"start":{"line":185,"column":8},"end":{"line":185,"column":8}},{"start":{"line":185,"column":8},"end":{"line":185,"column":8}}]}}},"contracts/IERC20.sol":{"l":{},"path":"/home/abhi/Projects/swingAudit/contracts/IERC20.sol","s":{},"b":{},"f":{},"fnMap":{},"statementMap":{},"branchMap":{}},"contracts/SafeMath.sol":{"l":{"13":9,"14":9,"16":9,"29":0,"44":4,"45":4,"47":4,"63":9,"64":4,"67":5,"68":5,"70":5,"85":7,"103":7,"104":7,"107":7,"122":0,"139":0,"140":0,"147":0,"154":0,"163":0},"path":"/home/abhi/Projects/swingAudit/contracts/SafeMath.sol","s":{"1":9,"2":9,"3":9,"4":0,"5":4,"6":4,"7":4,"8":9,"9":4,"10":5,"11":5,"12":5,"13":7,"14":7,"15":7,"16":7,"17":0,"18":0,"19":0,"20":0,"21":0,"22":0},"b":{"1":[9,0],"2":[4,0],"3":[4,5],"4":[5,0],"5":[7,0],"6":[0,0]},"f":{"1":9,"2":0,"3":4,"4":9,"5":7,"6":7,"7":0,"8":0,"9":0,"10":0,"11":0},"fnMap":{"1":{"name":"add","line":12,"loc":{"start":{"line":12,"column":4},"end":{"line":17,"column":4}}},"2":{"name":"sub","line":28,"loc":{"start":{"line":28,"column":4},"end":{"line":30,"column":4}}},"3":{"name":"sub","line":43,"loc":{"start":{"line":43,"column":4},"end":{"line":48,"column":4}}},"4":{"name":"mul","line":59,"loc":{"start":{"line":59,"column":4},"end":{"line":71,"column":4}}},"5":{"name":"div","line":84,"loc":{"start":{"line":84,"column":4},"end":{"line":86,"column":4}}},"6":{"name":"div","line":101,"loc":{"start":{"line":101,"column":4},"end":{"line":108,"column":4}}},"7":{"name":"mod","line":121,"loc":{"start":{"line":121,"column":4},"end":{"line":123,"column":4}}},"8":{"name":"mod","line":138,"loc":{"start":{"line":138,"column":4},"end":{"line":141,"column":4}}},"9":{"name":"max","line":146,"loc":{"start":{"line":146,"column":4},"end":{"line":148,"column":4}}},"10":{"name":"min","line":153,"loc":{"start":{"line":153,"column":4},"end":{"line":155,"column":4}}},"11":{"name":"average","line":161,"loc":{"start":{"line":161,"column":4},"end":{"line":164,"column":4}}}},"statementMap":{"1":{"start":{"line":13,"column":8},"end":{"line":13,"column":25}},"2":{"start":{"line":14,"column":8},"end":{"line":14,"column":53}},"3":{"start":{"line":16,"column":8},"end":{"line":16,"column":16}},"4":{"start":{"line":29,"column":8},"end":{"line":29,"column":58}},"5":{"start":{"line":44,"column":8},"end":{"line":44,"column":36}},"6":{"start":{"line":45,"column":8},"end":{"line":45,"column":25}},"7":{"start":{"line":47,"column":8},"end":{"line":47,"column":16}},"8":{"start":{"line":63,"column":8},"end":{"line":63,"column":1898}},"9":{"start":{"line":64,"column":12},"end":{"line":64,"column":20}},"10":{"start":{"line":67,"column":8},"end":{"line":67,"column":25}},"11":{"start":{"line":68,"column":8},"end":{"line":68,"column":63}},"12":{"start":{"line":70,"column":8},"end":{"line":70,"column":16}},"13":{"start":{"line":85,"column":8},"end":{"line":85,"column":54}},"14":{"start":{"line":103,"column":8},"end":{"line":103,"column":35}},"15":{"start":{"line":104,"column":8},"end":{"line":104,"column":25}},"16":{"start":{"line":107,"column":8},"end":{"line":107,"column":16}},"17":{"start":{"line":122,"column":8},"end":{"line":122,"column":52}},"18":{"start":{"line":139,"column":8},"end":{"line":139,"column":36}},"19":{"start":{"line":140,"column":8},"end":{"line":140,"column":20}},"20":{"start":{"line":147,"column":8},"end":{"line":147,"column":29}},"21":{"start":{"line":154,"column":8},"end":{"line":154,"column":28}},"22":{"start":{"line":163,"column":8},"end":{"line":163,"column":56}}},"branchMap":{"1":{"line":14,"type":"if","locations":[{"start":{"line":14,"column":8},"end":{"line":14,"column":8}},{"start":{"line":14,"column":8},"end":{"line":14,"column":8}}]},"2":{"line":44,"type":"if","locations":[{"start":{"line":44,"column":8},"end":{"line":44,"column":8}},{"start":{"line":44,"column":8},"end":{"line":44,"column":8}}]},"3":{"line":63,"type":"if","locations":[{"start":{"line":63,"column":8},"end":{"line":63,"column":8}},{"start":{"line":63,"column":8},"end":{"line":63,"column":8}}]},"4":{"line":68,"type":"if","locations":[{"start":{"line":68,"column":8},"end":{"line":68,"column":8}},{"start":{"line":68,"column":8},"end":{"line":68,"column":8}}]},"5":{"line":103,"type":"if","locations":[{"start":{"line":103,"column":8},"end":{"line":103,"column":8}},{"start":{"line":103,"column":8},"end":{"line":103,"column":8}}]},"6":{"line":139,"type":"if","locations":[{"start":{"line":139,"column":8},"end":{"line":139,"column":8}},{"start":{"line":139,"column":8},"end":{"line":139,"column":8}}]}}},"contracts/Steam.sol":{"l":{"12":0,"13":0,"28":1,"29":1,"30":1,"31":1,"32":1,"33":1,"37":0,"38":0,"39":0},"path":"/home/abhi/Projects/swingAudit/contracts/Steam.sol","s":{"1":0,"2":1,"3":1,"4":1,"5":1,"6":1,"7":1,"8":0,"9":0,"10":0},"b":{"1":[0,0],"2":[0,0]},"f":{"1":0,"2":1,"3":0},"fnMap":{"1":{"name":"onlyUPS","line":11,"loc":{"start":{"line":11,"column":4},"end":{"line":14,"column":4}}},"2":{"name":"constructor","line":27,"loc":{"start":{"line":27,"column":4},"end":{"line":34,"column":4}}},"3":{"name":"generateSteam","line":36,"loc":{"start":{"line":36,"column":4},"end":{"line":40,"column":4}}}},"statementMap":{"1":{"start":{"line":12,"column":8},"end":{"line":12,"column":96}},"2":{"start":{"line":28,"column":8},"end":{"line":28,"column":22}},"3":{"start":{"line":29,"column":8},"end":{"line":29,"column":24}},"4":{"start":{"line":30,"column":8},"end":{"line":30,"column":21}},"5":{"start":{"line":31,"column":8},"end":{"line":31,"column":45}},"6":{"start":{"line":32,"column":8},"end":{"line":32,"column":38}},"7":{"start":{"line":33,"column":8},"end":{"line":33,"column":27}},"8":{"start":{"line":37,"column":8},"end":{"line":37,"column":115}},"9":{"start":{"line":38,"column":8},"end":{"line":38,"column":35}},"10":{"start":{"line":39,"column":8},"end":{"line":39,"column":46}}},"branchMap":{"1":{"line":12,"type":"if","locations":[{"start":{"line":12,"column":8},"end":{"line":12,"column":8}},{"start":{"line":12,"column":8},"end":{"line":12,"column":8}}]},"2":{"line":37,"type":"if","locations":[{"start":{"line":37,"column":8},"end":{"line":37,"column":8}},{"start":{"line":37,"column":8},"end":{"line":37,"column":8}}]}}},"contracts/UpsSwing.sol":{"l":{"26":9,"27":3,"52":1,"53":1,"54":1,"55":1,"57":1,"58":1,"60":1,"61":1,"66":0,"67":0,"80":0,"81":0,"82":0,"86":0,"90":2,"91":2,"93":2,"101":1,"105":1,"109":1,"110":1,"114":2,"118":0,"120":0,"121":0,"124":0,"125":0,"127":0,"129":0,"130":0,"132":0,"133":0,"135":0,"137":0,"141":0,"146":1,"147":1,"148":1,"157":3,"158":3,"160":3,"161":3,"165":3,"166":1,"167":1,"168":1,"172":3,"174":3,"179":3,"183":1,"187":3,"191":1,"195":1,"199":1,"203":1,"207":1,"211":3},"path":"/home/abhi/Projects/swingAudit/contracts/UpsSwing.sol","s":{"1":9,"2":1,"3":1,"4":1,"5":1,"6":1,"7":1,"8":1,"9":1,"10":0,"11":0,"12":0,"13":0,"14":0,"15":2,"16":2,"17":2,"18":1,"19":1,"20":1,"21":1,"22":2,"23":0,"24":0,"25":0,"26":0,"27":0,"28":0,"29":0,"30":0,"31":0,"32":0,"33":0,"34":0,"35":0,"36":0,"37":1,"38":1,"39":1,"40":3,"41":3,"42":3,"43":3,"44":3,"45":1,"46":1,"47":1,"48":3,"49":0,"50":3,"51":3,"52":1,"53":3,"54":1,"55":1,"56":1,"57":1,"58":1,"59":3},"b":{"1":[3,6],"2":[0,0],"3":[1,0],"4":[0,0],"5":[0,0],"6":[0,0],"7":[3,0],"8":[3,0],"9":[1,2],"10":[0,3]},"f":{"1":9,"2":1,"3":0,"4":0,"5":0,"6":2,"7":1,"8":1,"9":1,"10":2,"11":0,"12":1,"13":3,"14":3,"15":1,"16":3,"17":1,"18":1,"19":1,"20":1,"21":1,"22":3},"fnMap":{"1":{"name":"onlyAllowed","line":25,"loc":{"start":{"line":25,"column":4},"end":{"line":28,"column":4}}},"2":{"name":"constructor","line":51,"loc":{"start":{"line":51,"column":4},"end":{"line":62,"column":4}}},"3":{"name":"canSteam","line":65,"loc":{"start":{"line":65,"column":4},"end":{"line":68,"column":4}}},"4":{"name":"_generateSteamFromUPSBurn","line":79,"loc":{"start":{"line":79,"column":4},"end":{"line":83,"column":4}}},"5":{"name":"addToSteam","line":85,"loc":{"start":{"line":85,"column":4},"end":{"line":87,"column":4}}},"6":{"name":"amountPressure","line":89,"loc":{"start":{"line":89,"column":4},"end":{"line":96,"column":4}}},"7":{"name":"setUNIv2","line":100,"loc":{"start":{"line":100,"column":4},"end":{"line":102,"column":4}}},"8":{"name":"setTreasury","line":104,"loc":{"start":{"line":104,"column":4},"end":{"line":106,"column":4}}},"9":{"name":"setLeverage","line":108,"loc":{"start":{"line":108,"column":4},"end":{"line":111,"column":4}}},"10":{"name":"myPressure","line":113,"loc":{"start":{"line":113,"column":4},"end":{"line":115,"column":4}}},"11":{"name":"releasePressure","line":117,"loc":{"start":{"line":117,"column":4},"end":{"line":142,"column":4}}},"12":{"name":"UPSMath","line":145,"loc":{"start":{"line":145,"column":4},"end":{"line":153,"column":4}}},"13":{"name":"_transfer","line":156,"loc":{"start":{"line":156,"column":4},"end":{"line":175,"column":4}}},"14":{"name":"mySteam","line":178,"loc":{"start":{"line":178,"column":4},"end":{"line":180,"column":4}}},"15":{"name":"getUNIV2Address","line":182,"loc":{"start":{"line":182,"column":4},"end":{"line":184,"column":4}}},"16":{"name":"getUNIV2Liq","line":186,"loc":{"start":{"line":186,"column":4},"end":{"line":188,"column":4}}},"17":{"name":"getUPSTotalSupply","line":190,"loc":{"start":{"line":190,"column":4},"end":{"line":192,"column":4}}},"18":{"name":"getUPSBurned","line":194,"loc":{"start":{"line":194,"column":4},"end":{"line":196,"column":4}}},"19":{"name":"name","line":198,"loc":{"start":{"line":198,"column":4},"end":{"line":200,"column":4}}},"20":{"name":"symbol","line":202,"loc":{"start":{"line":202,"column":4},"end":{"line":204,"column":4}}},"21":{"name":"decimals","line":206,"loc":{"start":{"line":206,"column":4},"end":{"line":208,"column":4}}},"22":{"name":"totalSupply","line":210,"loc":{"start":{"line":210,"column":4},"end":{"line":212,"column":4}}}},"statementMap":{"1":{"start":{"line":26,"column":8},"end":{"line":26,"column":60}},"2":{"start":{"line":52,"column":8},"end":{"line":52,"column":24}},"3":{"start":{"line":53,"column":8},"end":{"line":53,"column":22}},"4":{"start":{"line":54,"column":8},"end":{"line":54,"column":21}},"5":{"start":{"line":55,"column":8},"end":{"line":55,"column":59}},"6":{"start":{"line":57,"column":8},"end":{"line":57,"column":20}},"7":{"start":{"line":58,"column":8},"end":{"line":58,"column":28}},"8":{"start":{"line":60,"column":8},"end":{"line":60,"column":51}},"9":{"start":{"line":61,"column":8},"end":{"line":61,"column":35}},"10":{"start":{"line":66,"column":8},"end":{"line":66,"column":69}},"11":{"start":{"line":80,"column":8},"end":{"line":80,"column":50}},"12":{"start":{"line":81,"column":8},"end":{"line":81,"column":36}},"13":{"start":{"line":82,"column":8},"end":{"line":82,"column":52}},"14":{"start":{"line":86,"column":8},"end":{"line":86,"column":73}},"15":{"start":{"line":90,"column":8},"end":{"line":90,"column":78}},"16":{"start":{"line":91,"column":8},"end":{"line":91,"column":63}},"17":{"start":{"line":93,"column":8},"end":{"line":93,"column":52}},"18":{"start":{"line":101,"column":8},"end":{"line":101,"column":23}},"19":{"start":{"line":105,"column":8},"end":{"line":105,"column":26}},"20":{"start":{"line":109,"column":8},"end":{"line":109,"column":50}},"21":{"start":{"line":110,"column":8},"end":{"line":110,"column":27}},"22":{"start":{"line":114,"column":8},"end":{"line":114,"column":53}},"23":{"start":{"line":118,"column":8},"end":{"line":118,"column":45}},"24":{"start":{"line":120,"column":8},"end":{"line":120,"column":3590}},"25":{"start":{"line":121,"column":12},"end":{"line":121,"column":161}},"26":{"start":{"line":124,"column":12},"end":{"line":124,"column":37}},"27":{"start":{"line":125,"column":12},"end":{"line":125,"column":39}},"28":{"start":{"line":127,"column":12},"end":{"line":127,"column":37}},"29":{"start":{"line":129,"column":12},"end":{"line":129,"column":46}},"30":{"start":{"line":130,"column":12},"end":{"line":130,"column":58}},"31":{"start":{"line":132,"column":12},"end":{"line":132,"column":46}},"32":{"start":{"line":133,"column":12},"end":{"line":133,"column":49}},"33":{"start":{"line":135,"column":12},"end":{"line":135,"column":32}},"34":{"start":{"line":136,"column":15},"end":{"line":136,"column":4471}},"35":{"start":{"line":137,"column":12},"end":{"line":137,"column":65}},"36":{"start":{"line":141,"column":7},"end":{"line":141,"column":26}},"37":{"start":{"line":146,"column":8},"end":{"line":146,"column":25}},"38":{"start":{"line":147,"column":8},"end":{"line":147,"column":22}},"39":{"start":{"line":148,"column":8},"end":{"line":148,"column":26}},"40":{"start":{"line":157,"column":8},"end":{"line":157,"column":77}},"41":{"start":{"line":158,"column":8},"end":{"line":158,"column":78}},"42":{"start":{"line":160,"column":8},"end":{"line":160,"column":110}},"43":{"start":{"line":161,"column":8},"end":{"line":161,"column":74}},"44":{"start":{"line":165,"column":12},"end":{"line":165,"column":5666}},"45":{"start":{"line":166,"column":16},"end":{"line":166,"column":50}},"46":{"start":{"line":167,"column":16},"end":{"line":167,"column":70}},"47":{"start":{"line":168,"column":16},"end":{"line":168,"column":70}},"48":{"start":{"line":172,"column":12},"end":{"line":172,"column":75}},"49":{"start":{"line":172,"column":51},"end":{"line":172,"column":73}},"50":{"start":{"line":174,"column":8},"end":{"line":174,"column":48}},"51":{"start":{"line":179,"column":8},"end":{"line":179,"column":40}},"52":{"start":{"line":183,"column":8},"end":{"line":183,"column":20}},"53":{"start":{"line":187,"column":8},"end":{"line":187,"column":40}},"54":{"start":{"line":191,"column":8},"end":{"line":191,"column":27}},"55":{"start":{"line":195,"column":8},"end":{"line":195,"column":25}},"56":{"start":{"line":199,"column":8},"end":{"line":199,"column":20}},"57":{"start":{"line":203,"column":8},"end":{"line":203,"column":22}},"58":{"start":{"line":207,"column":8},"end":{"line":207,"column":24}},"59":{"start":{"line":211,"column":8},"end":{"line":211,"column":33}}},"branchMap":{"1":{"line":26,"type":"if","locations":[{"start":{"line":26,"column":8},"end":{"line":26,"column":8}},{"start":{"line":26,"column":8},"end":{"line":26,"column":8}}]},"2":{"line":66,"type":"if","locations":[{"start":{"line":66,"column":8},"end":{"line":66,"column":8}},{"start":{"line":66,"column":8},"end":{"line":66,"column":8}}]},"3":{"line":109,"type":"if","locations":[{"start":{"line":109,"column":8},"end":{"line":109,"column":8}},{"start":{"line":109,"column":8},"end":{"line":109,"column":8}}]},"4":{"line":120,"type":"if","locations":[{"start":{"line":120,"column":8},"end":{"line":120,"column":8}},{"start":{"line":120,"column":8},"end":{"line":120,"column":8}}]},"5":{"line":121,"type":"if","locations":[{"start":{"line":121,"column":12},"end":{"line":121,"column":12}},{"start":{"line":121,"column":12},"end":{"line":121,"column":12}}]},"6":{"line":136,"type":"if","locations":[{"start":{"line":136,"column":15},"end":{"line":136,"column":15}},{"start":{"line":136,"column":15},"end":{"line":136,"column":15}}]},"7":{"line":157,"type":"if","locations":[{"start":{"line":157,"column":8},"end":{"line":157,"column":8}},{"start":{"line":157,"column":8},"end":{"line":157,"column":8}}]},"8":{"line":158,"type":"if","locations":[{"start":{"line":158,"column":8},"end":{"line":158,"column":8}},{"start":{"line":158,"column":8},"end":{"line":158,"column":8}}]},"9":{"line":165,"type":"if","locations":[{"start":{"line":165,"column":12},"end":{"line":165,"column":12}},{"start":{"line":165,"column":12},"end":{"line":165,"column":12}}]},"10":{"line":172,"type":"if","locations":[{"start":{"line":172,"column":12},"end":{"line":172,"column":12}},{"start":{"line":172,"column":12},"end":{"line":172,"column":12}}]}}}}