TN:
SF:/home/abhi/Projects/swingAudit/contracts/Context.sol
FN:5,constructor
FN:8,_msgSender
FNF:2
FNH:2
FNDA:2,constructor
FNDA:21,_msgSender
DA:9,21
LF:1
LH:1
BRF:0
BRH:0
end_of_record
TN:
SF:/home/abhi/Projects/swingAudit/contracts/ERC20.sol
FN:21,balanceOf
FN:33,transfer
FN:41,allowance
FN:52,approve
FN:69,transferFrom
FN:87,increaseAllowance
FN:106,decreaseAllowance
FN:125,_transfer
FN:143,_mint
FN:162,_burn
FN:183,_approve
FN:197,_burnFrom
FNF:12
FNH:8
FNDA:9,balanceOf
FNDA:3,transfer
FNDA:2,allowance
FNDA:1,approve
FNDA:0,transferFrom
FNDA:1,increaseAllowance
FNDA:1,decreaseAllowance
FNDA:0,_transfer
FNDA:2,_mint
FNDA:0,_burn
FNDA:3,_approve
FNDA:0,_burnFrom
DA:22,9
DA:34,3
DA:35,3
DA:42,2
DA:53,1
DA:54,1
DA:70,0
DA:71,0
DA:72,0
DA:88,1
DA:89,1
DA:107,1
DA:108,1
DA:126,0
DA:127,0
DA:129,0
DA:130,0
DA:131,0
DA:144,2
DA:146,2
DA:147,2
DA:148,2
DA:163,0
DA:165,0
DA:166,0
DA:167,0
DA:184,3
DA:185,3
DA:187,3
DA:188,3
DA:198,0
DA:199,0
LF:32
LH:18
BRDA:126,1,0,0
BRDA:126,1,1,0
BRDA:127,2,0,0
BRDA:127,2,1,0
BRDA:144,3,0,2
BRDA:144,3,1,0
BRDA:163,4,0,0
BRDA:163,4,1,0
BRDA:184,5,0,3
BRDA:184,5,1,0
BRDA:185,6,0,3
BRDA:185,6,1,0
BRF:12
BRH:3
end_of_record
TN:
SF:/home/abhi/Projects/swingAudit/contracts/IERC20.sol
FNF:0
FNH:0
LF:0
LH:0
BRF:0
BRH:0
end_of_record
TN:
SF:/home/abhi/Projects/swingAudit/contracts/SafeMath.sol
FN:12,add
FN:28,sub
FN:43,sub
FN:59,mul
FN:84,div
FN:101,div
FN:121,mod
FN:138,mod
FN:146,max
FN:153,min
FN:161,average
FNF:11
FNH:5
FNDA:9,add
FNDA:0,sub
FNDA:4,sub
FNDA:9,mul
FNDA:7,div
FNDA:7,div
FNDA:0,mod
FNDA:0,mod
FNDA:0,max
FNDA:0,min
FNDA:0,average
DA:13,9
DA:14,9
DA:16,9
DA:29,0
DA:44,4
DA:45,4
DA:47,4
DA:63,9
DA:64,4
DA:67,5
DA:68,5
DA:70,5
DA:85,7
DA:103,7
DA:104,7
DA:107,7
DA:122,0
DA:139,0
DA:140,0
DA:147,0
DA:154,0
DA:163,0
LF:22
LH:15
BRDA:14,1,0,9
BRDA:14,1,1,0
BRDA:44,2,0,4
BRDA:44,2,1,0
BRDA:63,3,0,4
BRDA:63,3,1,5
BRDA:68,4,0,5
BRDA:68,4,1,0
BRDA:103,5,0,7
BRDA:103,5,1,0
BRDA:139,6,0,0
BRDA:139,6,1,0
BRF:12
BRH:6
end_of_record
TN:
SF:/home/abhi/Projects/swingAudit/contracts/Steam.sol
FN:11,onlyUPS
FN:27,constructor
FN:36,generateSteam
FNF:3
FNH:1
FNDA:0,onlyUPS
FNDA:1,constructor
FNDA:0,generateSteam
DA:12,0
DA:13,0
DA:28,1
DA:29,1
DA:30,1
DA:31,1
DA:32,1
DA:33,1
DA:37,0
DA:38,0
DA:39,0
LF:11
LH:6
BRDA:12,1,0,0
BRDA:12,1,1,0
BRDA:37,2,0,0
BRDA:37,2,1,0
BRF:4
BRH:0
end_of_record
TN:
SF:/home/abhi/Projects/swingAudit/contracts/UpsSwing.sol
FN:25,onlyAllowed
FN:51,constructor
FN:65,canSteam
FN:79,_generateSteamFromUPSBurn
FN:85,addToSteam
FN:89,amountPressure
FN:100,setUNIv2
FN:104,setTreasury
FN:108,setLeverage
FN:113,myPressure
FN:117,releasePressure
FN:145,UPSMath
FN:156,_transfer
FN:178,mySteam
FN:182,getUNIV2Address
FN:186,getUNIV2Liq
FN:190,getUPSTotalSupply
FN:194,getUPSBurned
FN:198,name
FN:202,symbol
FN:206,decimals
FN:210,totalSupply
FNF:22
FNH:18
FNDA:9,onlyAllowed
FNDA:1,constructor
FNDA:0,canSteam
FNDA:0,_generateSteamFromUPSBurn
FNDA:0,addToSteam
FNDA:2,amountPressure
FNDA:1,setUNIv2
FNDA:1,setTreasury
FNDA:1,setLeverage
FNDA:2,myPressure
FNDA:0,releasePressure
FNDA:1,UPSMath
FNDA:3,_transfer
FNDA:3,mySteam
FNDA:1,getUNIV2Address
FNDA:3,getUNIV2Liq
FNDA:1,getUPSTotalSupply
FNDA:1,getUPSBurned
FNDA:1,name
FNDA:1,symbol
FNDA:1,decimals
FNDA:3,totalSupply
DA:26,9
DA:27,3
DA:52,1
DA:53,1
DA:54,1
DA:55,1
DA:57,1
DA:58,1
DA:60,1
DA:61,1
DA:66,0
DA:67,0
DA:80,0
DA:81,0
DA:82,0
DA:86,0
DA:90,2
DA:91,2
DA:93,2
DA:101,1
DA:105,1
DA:109,1
DA:110,1
DA:114,2
DA:118,0
DA:120,0
DA:121,0
DA:124,0
DA:125,0
DA:127,0
DA:129,0
DA:130,0
DA:132,0
DA:133,0
DA:135,0
DA:137,0
DA:141,0
DA:146,1
DA:147,1
DA:148,1
DA:157,3
DA:158,3
DA:160,3
DA:161,3
DA:165,3
DA:166,1
DA:167,1
DA:168,1
DA:172,3
DA:174,3
DA:179,3
DA:183,1
DA:187,3
DA:191,1
DA:195,1
DA:199,1
DA:203,1
DA:207,1
DA:211,3
LF:59
LH:40
BRDA:26,1,0,3
BRDA:26,1,1,6
BRDA:66,2,0,0
BRDA:66,2,1,0
BRDA:109,3,0,1
BRDA:109,3,1,0
BRDA:120,4,0,0
BRDA:120,4,1,0
BRDA:121,5,0,0
BRDA:121,5,1,0
BRDA:136,6,0,0
BRDA:136,6,1,0
BRDA:157,7,0,3
BRDA:157,7,1,0
BRDA:158,8,0,3
BRDA:158,8,1,0
BRDA:165,9,0,1
BRDA:165,9,1,2
BRDA:172,10,0,0
BRDA:172,10,1,3
BRF:20
BRH:8
end_of_record
